# JRE version: Java(TM) SE Runtime Environment (8.0_91-b15) (build 1.8.0_91-b15)
# Java VM: Java HotSpot(TM) 64-Bit Server VM (25.91-b15 mixed mode windows-amd64 compressed oops)
Heap:
 PSYoungGen      total 122368K, used 101595K [0x00000000e0000000, 0x00000000e9000000, 0x0000000100000000)
  eden space 114688K, 82% used [0x00000000e0000000,0x00000000e5c034a8,0x00000000e7000000)
  from space 7680K, 96% used [0x00000000e8880000,0x00000000e8fb3a90,0x00000000e9000000)
  to   space 10752K, 0% used [0x00000000e7b00000,0x00000000e7b00000,0x00000000e8580000)
 ParOldGen       total 91136K, used 12322K [0x00000000a0000000, 0x00000000a5900000, 0x00000000e0000000)
  object space 91136K, 13% used [0x00000000a0000000,0x00000000a0c088c8,0x00000000a5900000)
 Metaspace       used 33739K, capacity 34526K, committed 34688K, reserved 1081344K
  class space    used 4764K, capacity 4982K, committed 4992K, reserved 1048576K
GC Heap History (10 events):
Event: 4.614 GC heap before
{Heap before GC invocations=1 (full 0):
 PSYoungGen      total 75264K, used 64512K [0x00000000e0000000, 0x00000000e5400000, 0x0000000100000000)
  eden space 64512K, 100% used [0x00000000e0000000,0x00000000e3f00000,0x00000000e3f00000)
  from space 10752K, 0% used [0x00000000e4980000,0x00000000e4980000,0x00000000e5400000)
  to   space 10752K, 0% used [0x00000000e3f00000,0x00000000e3f00000,0x00000000e4980000)
 ParOldGen       total 172032K, used 0K [0x00000000a0000000, 0x00000000aa800000, 0x00000000e0000000)
  object space 172032K, 0% used [0x00000000a0000000,0x00000000a0000000,0x00000000aa800000)
 Metaspace       used 8171K, capacity 8436K, committed 8576K, reserved 1056768K
  class space    used 1068K, capacity 1112K, committed 1152K, reserved 1048576K
Event: 4.624 GC heap after
Heap after GC invocations=1 (full 0):
 PSYoungGen      total 75264K, used 6776K [0x00000000e0000000, 0x00000000e5400000, 0x0000000100000000)
  eden space 64512K, 0% used [0x00000000e0000000,0x00000000e0000000,0x00000000e3f00000)
  from space 10752K, 63% used [0x00000000e3f00000,0x00000000e459e0a0,0x00000000e4980000)
  to   space 10752K, 0% used [0x00000000e4980000,0x00000000e4980000,0x00000000e5400000)
 ParOldGen       total 172032K, used 16K [0x00000000a0000000, 0x00000000aa800000, 0x00000000e0000000)
  object space 172032K, 0% used [0x00000000a0000000,0x00000000a0004000,0x00000000aa800000)
 Metaspace       used 8171K, capacity 8436K, committed 8576K, reserved 1056768K
  class space    used 1068K, capacity 1112K, committed 1152K, reserved 1048576K
}
Event: 8.465 GC heap before
{Heap before GC invocations=2 (full 0):
 PSYoungGen      total 75264K, used 71288K [0x00000000e0000000, 0x00000000e5400000, 0x0000000100000000)
  eden space 64512K, 100% used [0x00000000e0000000,0x00000000e3f00000,0x00000000e3f00000)
  from space 10752K, 63% used [0x00000000e3f00000,0x00000000e459e0a0,0x00000000e4980000)
  to   space 10752K, 0% used [0x00000000e4980000,0x00000000e4980000,0x00000000e5400000)
 ParOldGen       total 172032K, used 16K [0x00000000a0000000, 0x00000000aa800000, 0x00000000e0000000)
  object space 172032K, 0% used [0x00000000a0000000,0x00000000a0004000,0x00000000aa800000)
 Metaspace       used 15227K, capacity 15642K, committed 15744K, reserved 1062912K
  class space    used 2214K, capacity 2363K, committed 2432K, reserved 1048576K
Event: 8.665 GC heap after
Heap after GC invocations=2 (full 0):
 PSYoungGen      total 75264K, used 10118K [0x00000000e0000000, 0x00000000e9300000, 0x0000000100000000)
  eden space 64512K, 0% used [0x00000000e0000000,0x00000000e0000000,0x00000000e3f00000)
  from space 10752K, 94% used [0x00000000e4980000,0x00000000e5361870,0x00000000e5400000)
  to   space 10752K, 0% used [0x00000000e3f00000,0x00000000e3f00000,0x00000000e4980000)
 ParOldGen       total 172032K, used 24K [0x00000000a0000000, 0x00000000aa800000, 0x00000000e0000000)
  object space 172032K, 0% used [0x00000000a0000000,0x00000000a0006000,0x00000000aa800000)
 Metaspace       used 15227K, capacity 15642K, committed 15744K, reserved 1062912K
  class space    used 2214K, capacity 2363K, committed 2432K, reserved 1048576K
}
Event: 10.147 GC heap before
{Heap before GC invocations=3 (full 0):
 PSYoungGen      total 75264K, used 66550K [0x00000000e0000000, 0x00000000e9300000, 0x0000000100000000)
  eden space 64512K, 87% used [0x00000000e0000000,0x00000000e371c108,0x00000000e3f00000)
  from space 10752K, 94% used [0x00000000e4980000,0x00000000e5361870,0x00000000e5400000)
  to   space 10752K, 0% used [0x00000000e3f00000,0x00000000e3f00000,0x00000000e4980000)
 ParOldGen       total 172032K, used 24K [0x00000000a0000000, 0x00000000aa800000, 0x00000000e0000000)
  object space 172032K, 0% used [0x00000000a0000000,0x00000000a0006000,0x00000000aa800000)
 Metaspace       used 20602K, capacity 21142K, committed 21248K, reserved 1067008K
  class space    used 3045K, capacity 3222K, committed 3328K, reserved 1048576K
Event: 10.161 GC heap after
Heap after GC invocations=3 (full 0):
 PSYoungGen      total 75264K, used 10748K [0x00000000e0000000, 0x00000000e9300000, 0x0000000100000000)
  eden space 64512K, 0% used [0x00000000e0000000,0x00000000e0000000,0x00000000e3f00000)
  from space 10752K, 99% used [0x00000000e3f00000,0x00000000e497f2b0,0x00000000e4980000)
  to   space 10752K, 0% used [0x00000000e8880000,0x00000000e8880000,0x00000000e9300000)
 ParOldGen       total 172032K, used 2025K [0x00000000a0000000, 0x00000000aa800000, 0x00000000e0000000)
  object space 172032K, 1% used [0x00000000a0000000,0x00000000a01fa698,0x00000000aa800000)
 Metaspace       used 20602K, capacity 21142K, committed 21248K, reserved 1067008K
  class space    used 3045K, capacity 3222K, committed 3328K, reserved 1048576K
}
Event: 10.161 GC heap before
{Heap before GC invocations=4 (full 1):
 PSYoungGen      total 75264K, used 10748K [0x00000000e0000000, 0x00000000e9300000, 0x0000000100000000)
  eden space 64512K, 0% used [0x00000000e0000000,0x00000000e0000000,0x00000000e3f00000)
  from space 10752K, 99% used [0x00000000e3f00000,0x00000000e497f2b0,0x00000000e4980000)
  to   space 10752K, 0% used [0x00000000e8880000,0x00000000e8880000,0x00000000e9300000)
 ParOldGen       total 172032K, used 2025K [0x00000000a0000000, 0x00000000aa800000, 0x00000000e0000000)
  object space 172032K, 1% used [0x00000000a0000000,0x00000000a01fa698,0x00000000aa800000)
 Metaspace       used 20602K, capacity 21142K, committed 21248K, reserved 1067008K
  class space    used 3045K, capacity 3222K, committed 3328K, reserved 1048576K
Event: 10.209 GC heap after
Heap after GC invocations=4 (full 1):
 PSYoungGen      total 75264K, used 0K [0x00000000e0000000, 0x00000000e9300000, 0x0000000100000000)
  eden space 64512K, 0% used [0x00000000e0000000,0x00000000e0000000,0x00000000e3f00000)
  from space 10752K, 0% used [0x00000000e3f00000,0x00000000e3f00000,0x00000000e4980000)
  to   space 10752K, 0% used [0x00000000e8880000,0x00000000e8880000,0x00000000e9300000)
 ParOldGen       total 91136K, used 12314K [0x00000000a0000000, 0x00000000a5900000, 0x00000000e0000000)
  object space 91136K, 13% used [0x00000000a0000000,0x00000000a0c068c8,0x00000000a5900000)
 Metaspace       used 20602K, capacity 21142K, committed 21248K, reserved 1067008K
  class space    used 3045K, capacity 3222K, committed 3328K, reserved 1048576K
}
Event: 12.011 GC heap before
{Heap before GC invocations=5 (full 1):
 PSYoungGen      total 75264K, used 64512K [0x00000000e0000000, 0x00000000e9300000, 0x0000000100000000)
  eden space 64512K, 100% used [0x00000000e0000000,0x00000000e3f00000,0x00000000e3f00000)
  from space 10752K, 0% used [0x00000000e3f00000,0x00000000e3f00000,0x00000000e4980000)
  to   space 10752K, 0% used [0x00000000e8880000,0x00000000e8880000,0x00000000e9300000)
 ParOldGen       total 91136K, used 12314K [0x00000000a0000000, 0x00000000a5900000, 0x00000000e0000000)
  object space 91136K, 13% used [0x00000000a0000000,0x00000000a0c068c8,0x00000000a5900000)
 Metaspace       used 28157K, capacity 28754K, committed 29056K, reserved 1075200K
  class space    used 3968K, capacity 4158K, committed 4224K, reserved 1048576K
Event: 12.021 GC heap after
Heap after GC invocations=5 (full 1):
 PSYoungGen      total 122368K, used 7374K [0x00000000e0000000, 0x00000000e9000000, 0x0000000100000000)
  eden space 114688K, 0% used [0x00000000e0000000,0x00000000e0000000,0x00000000e7000000)
  from space 7680K, 96% used [0x00000000e8880000,0x00000000e8fb3a90,0x00000000e9000000)
  to   space 10752K, 0% used [0x00000000e7b00000,0x00000000e7b00000,0x00000000e8580000)
 ParOldGen       total 91136K, used 12322K [0x00000000a0000000, 0x00000000a5900000, 0x00000000e0000000)
  object space 91136K, 13% used [0x00000000a0000000,0x00000000a0c088c8,0x00000000a5900000)
 Metaspace       used 28157K, capacity 28754K, committed 29056K, reserved 1075200K
  class space    used 3968K, capacity 4158K, committed 4224K, reserved 1048576K
}

